<?xml version="1.0" encoding="UTF-8"?>
<!-- Generated by org.testng.reporters.JUnitReportReporter -->
<testsuite hostname="DESKTOP-5SN1MBM" failures="0" tests="1" name="TestMethods.Tests_OTP" time="5.127" errors="0" timestamp="2022-09-24T18:04:02 IST" skipped="0">
  <testcase classname="TestMethods.Tests_OTP" name="validOTP" time="5.127"/>
  <system-out/>
</testsuite> <!-- TestMethods.Tests_OTP -->
