<?xml version="1.0" encoding="UTF-8"?>
<!-- Generated by org.testng.reporters.JUnitReportReporter -->
<testsuite hostname="DESKTOP-5SN1MBM" failures="0" tests="2" name="TestMethods.Tests_Dashboard" time="12.740" errors="0" timestamp="2022-09-24T18:04:02 IST" skipped="0">
  <testcase classname="TestMethods.Tests_Dashboard" name="dashboardTitle" time="5.552"/>
  <system-out/>
  <testcase classname="TestMethods.Tests_Dashboard" name="dashBoardTile" time="7.188"/>
  <system-out/>
</testsuite> <!-- TestMethods.Tests_Dashboard -->
