<?xml version="1.0" encoding="UTF-8"?>
<!-- Generated by org.testng.reporters.JUnitReportReporter -->
<testsuite hostname="DESKTOP-5SN1MBM" failures="0" tests="1" name="TestMethods.Tests_Login" time="10.721" errors="0" timestamp="2022-09-24T18:04:01 IST" skipped="0">
  <testcase classname="TestMethods.Tests_Login" name="login" time="10.721"/>
  <system-out/>
</testsuite> <!-- TestMethods.Tests_Login -->
